This file contains any messages produced by compilers while
running configure, to aid debugging if configure makes a mistake.

It was created by libipl configure 1.01, which was
generated by GNU Autoconf 2.61.  Invocation command line was

  $ ./configure --prefix=/Users/alagala/Documents/MyProjects/IplLibrary/lib --no-create --no-recursion

## --------- ##
## Platform. ##
## --------- ##

hostname = macbook.local
uname -m = i386
uname -r = 10.7.0
uname -s = Darwin
uname -v = Darwin Kernel Version 10.7.0: Sat Jan 29 15:17:16 PST 2011; root:xnu-1504.9.37~1/RELEASE_I386

/usr/bin/uname -p = i386
/bin/uname -X     = unknown

/bin/arch              = unknown
/usr/bin/arch -k       = unknown
/usr/convex/getsysinfo = unknown
/usr/bin/hostinfo      = Mach kernel version:
	 Darwin Kernel Version 10.7.0: Sat Jan 29 15:17:16 PST 2011; root:xnu-1504.9.37~1/RELEASE_I386
Kernel configured for up to 4 processors.
2 processors are physically available.
4 processors are logically available.
Processor type: i486 (Intel 80486)
Processors active: 0 1 2 3
Primary memory available: 4.00 gigabytes
Default processor set: 74 tasks, 361 threads, 4 processors
Load average: 1.31, Mach factor: 2.68
/bin/machine           = unknown
/usr/bin/oslevel       = unknown
/bin/universe          = unknown

PATH: /usr/bin
PATH: /bin
PATH: /usr/sbin
PATH: /sbin
PATH: /usr/local/bin
PATH: /usr/texbin
PATH: /usr/X11/bin


## ----------- ##
## Core tests. ##
## ----------- ##

configure:1988: checking build system type
configure:2006: result: i386-apple-darwin10.7.0
configure:2028: checking host system type
configure:2043: result: i386-apple-darwin10.7.0
configure:2113: checking for gcc
configure:2129: found /usr/bin/gcc
configure:2140: result: gcc
configure:2378: checking for C compiler version
configure:2385: gcc --version >&5
i686-apple-darwin10-gcc-4.2.1 (GCC) 4.2.1 (Apple Inc. build 5666) (dot 3)
Copyright (C) 2007 Free Software Foundation, Inc.
This is free software; see the source for copying conditions.  There is NO
warranty; not even for MERCHANTABILITY or FITNESS FOR A PARTICULAR PURPOSE.

configure:2388: $? = 0
configure:2395: gcc -v >&5
Using built-in specs.
Target: i686-apple-darwin10
Configured with: /var/tmp/gcc/gcc-5666.3~6/src/configure --disable-checking --enable-werror --prefix=/usr --mandir=/share/man --enable-languages=c,objc,c++,obj-c++ --program-transform-name=/^[cg][^.-]*$/s/$/-4.2/ --with-slibdir=/usr/lib --build=i686-apple-darwin10 --program-prefix=i686-apple-darwin10- --host=x86_64-apple-darwin10 --target=i686-apple-darwin10 --with-gxx-include-dir=/include/c++/4.2.1
Thread model: posix
gcc version 4.2.1 (Apple Inc. build 5666) (dot 3)
configure:2398: $? = 0
configure:2405: gcc -V >&5
gcc-4.2: argument to `-V' is missing
configure:2408: $? = 1
configure:2431: checking for C compiler default output file name
configure:2458: gcc    conftest.c  >&5
configure:2461: $? = 0
configure:2499: result: a.out
configure:2516: checking whether the C compiler works
configure:2526: ./a.out
configure:2529: $? = 0
configure:2546: result: yes
configure:2553: checking whether we are cross compiling
configure:2555: result: no
configure:2558: checking for suffix of executables
configure:2565: gcc -o conftest    conftest.c  >&5
configure:2568: $? = 0
configure:2592: result: 
configure:2598: checking for suffix of object files
configure:2624: gcc -c   conftest.c >&5
configure:2627: $? = 0
configure:2650: result: o
configure:2654: checking whether we are using the GNU C compiler
configure:2683: gcc -c   conftest.c >&5
configure:2689: $? = 0
configure:2706: result: yes
configure:2711: checking whether gcc accepts -g
configure:2741: gcc -c -g  conftest.c >&5
configure:2747: $? = 0
configure:2846: result: yes
configure:2863: checking for gcc option to accept ISO C89
configure:2937: gcc  -c -g -O2  conftest.c >&5
configure:2943: $? = 0
configure:2966: result: none needed
configure:2984: checking for a sed that does not truncate output
configure:3063: result: /usr/bin/sed
configure:3081: checking for grep that handles long lines and -e
configure:3155: result: /usr/bin/grep
configure:3160: checking for egrep
configure:3238: result: /usr/bin/grep -E
configure:3243: checking for fgrep
configure:3321: result: /usr/bin/grep -F
configure:3356: checking for ld used by gcc
configure:3423: result: /usr/libexec/gcc/i686-apple-darwin10/4.2.1/ld
configure:3432: checking if the linker (/usr/libexec/gcc/i686-apple-darwin10/4.2.1/ld) is GNU ld
configure:3447: result: no
configure:3459: checking for BSD- or MS-compatible name lister (nm)
configure:3508: result: /usr/bin/nm
configure:3630: checking the name lister (/usr/bin/nm) interface
configure:3637: gcc -c -g -O2  conftest.c >&5
configure:3640: /usr/bin/nm "conftest.o"
configure:3643: output
0000000000000194 D _some_variable
configure:3650: result: BSD nm
configure:3653: checking whether ln -s works
configure:3657: result: yes
configure:3665: checking the maximum length of command line arguments
configure:3785: result: 196608
configure:3802: checking whether the shell understands some XSI constructs
configure:3812: result: yes
configure:3816: checking whether the shell understands "+="
configure:3822: result: yes
configure:3857: checking for /usr/libexec/gcc/i686-apple-darwin10/4.2.1/ld option to reload object files
configure:3864: result: -r
configure:3891: checking how to recognize dependent libraries
configure:4081: result: pass_all
configure:4141: checking for ar
configure:4157: found /usr/bin/ar
configure:4168: result: ar
configure:4250: checking for strip
configure:4266: found /usr/bin/strip
configure:4277: result: strip
configure:4353: checking for ranlib
configure:4369: found /usr/bin/ranlib
configure:4380: result: ranlib
configure:4474: checking command to parse /usr/bin/nm output from gcc object
configure:4592: gcc -c -g -O2  conftest.c >&5
configure:4595: $? = 0
configure:4599: /usr/bin/nm conftest.o \| sed -n -e 's/^.*[	 ]\([BCDEGRST][BCDEGRST]*\)[	 ][	 ]*\([_A-Za-z][_A-Za-z0-9]*\)$/\1 \2 \2/p' \> conftest.nm
configure:4602: $? = 0
cannot find nm_test_var in conftest.nm
configure:4592: gcc -c -g -O2  conftest.c >&5
configure:4595: $? = 0
configure:4599: /usr/bin/nm conftest.o \| sed -n -e 's/^.*[	 ]\([BCDEGRST][BCDEGRST]*\)[	 ][	 ]*_\([_A-Za-z][_A-Za-z0-9]*\)$/\1 _\2 \2/p' \> conftest.nm
configure:4602: $? = 0
configure:4656: gcc -o conftest -g -O2   conftest.c conftstm.o >&5
configure:4659: $? = 0
configure:4697: result: ok
configure:4987: checking for dsymutil
configure:5003: found /usr/bin/dsymutil
configure:5014: result: dsymutil
configure:5083: checking for nmedit
configure:5099: found /usr/bin/nmedit
configure:5110: result: nmedit
configure:5179: checking for lipo
configure:5195: found /usr/bin/lipo
configure:5206: result: lipo
configure:5275: checking for otool
configure:5291: found /usr/bin/otool
configure:5302: result: otool
configure:5371: checking for otool64
configure:5401: result: no
configure:5450: checking for -single_module linker flag
gcc -g -O2  -o libconftest.dylib -dynamiclib -Wl,-single_module conftest.c
configure:5477: result: yes
configure:5479: checking for -exported_symbols_list linker flag
configure:5509: gcc -o conftest -g -O2   -Wl,-exported_symbols_list,conftest.sym conftest.c  >&5
configure:5515: $? = 0
configure:5534: result: yes
configure:5576: checking how to run the C preprocessor
configure:5616: gcc -E  conftest.c
configure:5622: $? = 0
configure:5653: gcc -E  conftest.c
conftest.c:8:28: error: ac_nonexistent.h: No such file or directory
configure:5659: $? = 1
configure: failed program was:
| /* confdefs.h.  */
| #define PACKAGE_NAME "libipl"
| #define PACKAGE_TARNAME "libipl"
| #define PACKAGE_VERSION "1.01"
| #define PACKAGE_STRING "libipl 1.01"
| #define PACKAGE_BUGREPORT "andrea.lagala@ameliemedia.com"
| /* end confdefs.h.  */
| #include <ac_nonexistent.h>
configure:5692: result: gcc -E
configure:5721: gcc -E  conftest.c
configure:5727: $? = 0
configure:5758: gcc -E  conftest.c
conftest.c:8:28: error: ac_nonexistent.h: No such file or directory
configure:5764: $? = 1
configure: failed program was:
| /* confdefs.h.  */
| #define PACKAGE_NAME "libipl"
| #define PACKAGE_TARNAME "libipl"
| #define PACKAGE_VERSION "1.01"
| #define PACKAGE_STRING "libipl 1.01"
| #define PACKAGE_BUGREPORT "andrea.lagala@ameliemedia.com"
| /* end confdefs.h.  */
| #include <ac_nonexistent.h>
configure:5802: checking for ANSI C header files
configure:5832: gcc -c -g -O2  conftest.c >&5
configure:5838: $? = 0
configure:5937: gcc -o conftest -g -O2   conftest.c  >&5
configure:5940: $? = 0
configure:5946: ./conftest
configure:5949: $? = 0
configure:5966: result: yes
configure:5990: checking for sys/types.h
configure:6011: gcc -c -g -O2  conftest.c >&5
configure:6017: $? = 0
configure:6033: result: yes
configure:5990: checking for sys/stat.h
configure:6011: gcc -c -g -O2  conftest.c >&5
configure:6017: $? = 0
configure:6033: result: yes
configure:5990: checking for stdlib.h
configure:6011: gcc -c -g -O2  conftest.c >&5
configure:6017: $? = 0
configure:6033: result: yes
configure:5990: checking for string.h
configure:6011: gcc -c -g -O2  conftest.c >&5
configure:6017: $? = 0
configure:6033: result: yes
configure:5990: checking for memory.h
configure:6011: gcc -c -g -O2  conftest.c >&5
configure:6017: $? = 0
configure:6033: result: yes
configure:5990: checking for strings.h
configure:6011: gcc -c -g -O2  conftest.c >&5
configure:6017: $? = 0
configure:6033: result: yes
configure:5990: checking for inttypes.h
configure:6011: gcc -c -g -O2  conftest.c >&5
configure:6017: $? = 0
configure:6033: result: yes
configure:5990: checking for stdint.h
configure:6011: gcc -c -g -O2  conftest.c >&5
configure:6017: $? = 0
configure:6033: result: yes
configure:5990: checking for unistd.h
configure:6011: gcc -c -g -O2  conftest.c >&5
configure:6017: $? = 0
configure:6033: result: yes
configure:6049: checking for dlfcn.h
configure:6070: gcc -c -g -O2  conftest.c >&5
configure:6076: $? = 0
configure:6092: result: yes
configure:6276: checking for objdir
configure:6291: result: .libs
configure:6583: checking if gcc supports -fno-rtti -fno-exceptions
configure:6601: gcc -c -g -O2  -fno-rtti -fno-exceptions conftest.c >&5
cc1: warning: command line option "-fno-rtti" is valid for C++/ObjC++ but not for C
configure:6605: $? = 0
configure:6618: result: no
configure:6638: checking for gcc option to produce PIC
configure:6895: result: -fno-common -DPIC
configure:6907: checking if gcc PIC flag -fno-common -DPIC works
configure:6925: gcc -c -g -O2  -fno-common -DPIC -DPIC conftest.c >&5
configure:6929: $? = 0
configure:6942: result: yes
configure:6966: checking if gcc static flag -static works
configure:6994: result: no
configure:7009: checking if gcc supports -c -o file.o
configure:7030: gcc -c -g -O2  -o out/conftest2.o conftest.c >&5
configure:7034: $? = 0
configure:7056: result: yes
configure:7064: checking if gcc supports -c -o file.o
configure:7111: result: yes
configure:7144: checking whether the gcc linker (/usr/libexec/gcc/i686-apple-darwin10/4.2.1/ld) supports shared libraries
configure:8198: result: yes
configure:8437: checking dynamic linker characteristics
configure:9116: result: darwin10.7.0 dyld
configure:9218: checking how to hardcode library paths into programs
configure:9243: result: immediate
configure:10056: checking whether stripping libraries is possible
configure:10070: result: yes
configure:10096: checking if libtool supports shared libraries
configure:10098: result: yes
configure:10101: checking whether to build shared libraries
configure:10122: result: yes
configure:10125: checking whether to build static libraries
configure:10129: result: yes
configure:10180: checking for a BSD-compatible install
configure:10236: result: /usr/bin/install -c
configure:10247: checking whether build environment is sane
configure:10290: result: yes
configure:10318: checking for a thread-safe mkdir -p
configure:10357: result: config/install-sh -c -d
configure:10370: checking for gawk
configure:10400: result: no
configure:10370: checking for mawk
configure:10400: result: no
configure:10370: checking for nawk
configure:10400: result: no
configure:10370: checking for awk
configure:10386: found /usr/bin/awk
configure:10397: result: awk
configure:10408: checking whether make sets $(MAKE)
configure:10429: result: yes
configure:10459: checking for style of include used by make
configure:10487: result: GNU
configure:10680: checking dependency style of gcc
configure:10771: result: gcc3
configure:10843: checking for gcc
configure:10870: result: gcc
configure:11108: checking for C compiler version
configure:11115: gcc --version >&5
i686-apple-darwin10-gcc-4.2.1 (GCC) 4.2.1 (Apple Inc. build 5666) (dot 3)
Copyright (C) 2007 Free Software Foundation, Inc.
This is free software; see the source for copying conditions.  There is NO
warranty; not even for MERCHANTABILITY or FITNESS FOR A PARTICULAR PURPOSE.

configure:11118: $? = 0
configure:11125: gcc -v >&5
Using built-in specs.
Target: i686-apple-darwin10
Configured with: /var/tmp/gcc/gcc-5666.3~6/src/configure --disable-checking --enable-werror --prefix=/usr --mandir=/share/man --enable-languages=c,objc,c++,obj-c++ --program-transform-name=/^[cg][^.-]*$/s/$/-4.2/ --with-slibdir=/usr/lib --build=i686-apple-darwin10 --program-prefix=i686-apple-darwin10- --host=x86_64-apple-darwin10 --target=i686-apple-darwin10 --with-gxx-include-dir=/include/c++/4.2.1
Thread model: posix
gcc version 4.2.1 (Apple Inc. build 5666) (dot 3)
configure:11128: $? = 0
configure:11135: gcc -V >&5
gcc-4.2: argument to `-V' is missing
configure:11138: $? = 1
configure:11141: checking whether we are using the GNU C compiler
configure:11193: result: yes
configure:11198: checking whether gcc accepts -g
configure:11333: result: yes
configure:11350: checking for gcc option to accept ISO C89
configure:11453: result: none needed
configure:11476: checking how to run the C preprocessor
configure:11592: result: gcc -E
configure:11621: gcc -E  conftest.c
configure:11627: $? = 0
configure:11658: gcc -E  conftest.c
conftest.c:22:28: error: ac_nonexistent.h: No such file or directory
configure:11664: $? = 1
configure: failed program was:
| /* confdefs.h.  */
| #define PACKAGE_NAME "libipl"
| #define PACKAGE_TARNAME "libipl"
| #define PACKAGE_VERSION "1.01"
| #define PACKAGE_STRING "libipl 1.01"
| #define PACKAGE_BUGREPORT "andrea.lagala@ameliemedia.com"
| #define STDC_HEADERS 1
| #define HAVE_SYS_TYPES_H 1
| #define HAVE_SYS_STAT_H 1
| #define HAVE_STDLIB_H 1
| #define HAVE_STRING_H 1
| #define HAVE_MEMORY_H 1
| #define HAVE_STRINGS_H 1
| #define HAVE_INTTYPES_H 1
| #define HAVE_STDINT_H 1
| #define HAVE_UNISTD_H 1
| #define HAVE_DLFCN_H 1
| #define LT_OBJDIR ".libs/"
| #define PACKAGE "libipl"
| #define VERSION "1.01"
| /* end confdefs.h.  */
| #include <ac_nonexistent.h>
configure:11714: checking for a BSD-compatible install
configure:11770: result: /usr/bin/install -c
configure:11782: checking whether ln -s works
configure:11786: result: yes
configure:11793: checking whether make sets $(MAKE)
configure:11814: result: yes
configure:11841: checking for pixCreate in -llept
configure:11876: gcc -o conftest -g -O2   conftest.c -llept   >&5
configure:11882: $? = 0
configure:11900: result: yes
configure:11914: checking for fftw_malloc in -lfftw3
configure:11949: gcc -o conftest -g -O2   conftest.c -lfftw3   >&5
configure:11955: $? = 0
configure:11973: result: yes
configure:11997: checking for deflate in -lfuzzylite
configure:12032: gcc -o conftest -g -O2   conftest.c -lfuzzylite   >&5
ld: library not found for -lfuzzylite
collect2: ld returned 1 exit status
configure:12038: $? = 1
configure: failed program was:
| /* confdefs.h.  */
| #define PACKAGE_NAME "libipl"
| #define PACKAGE_TARNAME "libipl"
| #define PACKAGE_VERSION "1.01"
| #define PACKAGE_STRING "libipl 1.01"
| #define PACKAGE_BUGREPORT "andrea.lagala@ameliemedia.com"
| #define STDC_HEADERS 1
| #define HAVE_SYS_TYPES_H 1
| #define HAVE_SYS_STAT_H 1
| #define HAVE_STDLIB_H 1
| #define HAVE_STRING_H 1
| #define HAVE_MEMORY_H 1
| #define HAVE_STRINGS_H 1
| #define HAVE_INTTYPES_H 1
| #define HAVE_STDINT_H 1
| #define HAVE_UNISTD_H 1
| #define HAVE_DLFCN_H 1
| #define LT_OBJDIR ".libs/"
| #define PACKAGE "libipl"
| #define VERSION "1.01"
| #define HAVE_LIBFFTW3 1
| /* end confdefs.h.  */
| 
| /* Override any GCC internal prototype to avoid an error.
|    Use char because int might match the return type of a GCC
|    builtin and then its argument prototype would still apply.  */
| #ifdef __cplusplus
| extern "C"
| #endif
| char deflate ();
| int
| main ()
| {
| return deflate ();
|   ;
|   return 0;
| }
configure:12056: result: no
configure:12080: checking for size_t
configure:12110: gcc -c -g -O2  conftest.c >&5
configure:12116: $? = 0
configure:12131: result: yes
configure:12262: creating ./config.status

## ---------------- ##
## Cache variables. ##
## ---------------- ##

ac_cv_build=i386-apple-darwin10.7.0
ac_cv_c_compiler_gnu=yes
ac_cv_env_CC_set=
ac_cv_env_CC_value=
ac_cv_env_CFLAGS_set=
ac_cv_env_CFLAGS_value=
ac_cv_env_CPPFLAGS_set=
ac_cv_env_CPPFLAGS_value=
ac_cv_env_CPP_set=
ac_cv_env_CPP_value=
ac_cv_env_LDFLAGS_set=
ac_cv_env_LDFLAGS_value=
ac_cv_env_LIBS_set=
ac_cv_env_LIBS_value=
ac_cv_env_build_alias_set=
ac_cv_env_build_alias_value=
ac_cv_env_host_alias_set=
ac_cv_env_host_alias_value=
ac_cv_env_target_alias_set=
ac_cv_env_target_alias_value=
ac_cv_header_dlfcn_h=yes
ac_cv_header_inttypes_h=yes
ac_cv_header_memory_h=yes
ac_cv_header_stdc=yes
ac_cv_header_stdint_h=yes
ac_cv_header_stdlib_h=yes
ac_cv_header_string_h=yes
ac_cv_header_strings_h=yes
ac_cv_header_sys_stat_h=yes
ac_cv_header_sys_types_h=yes
ac_cv_header_unistd_h=yes
ac_cv_host=i386-apple-darwin10.7.0
ac_cv_lib_fftw3_fftw_malloc=yes
ac_cv_lib_fuzzylite_deflate=no
ac_cv_lib_lept_pixCreate=yes
ac_cv_objext=o
ac_cv_path_EGREP='/usr/bin/grep -E'
ac_cv_path_FGREP='/usr/bin/grep -F'
ac_cv_path_GREP=/usr/bin/grep
ac_cv_path_SED=/usr/bin/sed
ac_cv_path_install='/usr/bin/install -c'
ac_cv_prog_AWK=awk
ac_cv_prog_CPP='gcc -E'
ac_cv_prog_ac_ct_AR=ar
ac_cv_prog_ac_ct_CC=gcc
ac_cv_prog_ac_ct_DSYMUTIL=dsymutil
ac_cv_prog_ac_ct_LIPO=lipo
ac_cv_prog_ac_ct_NMEDIT=nmedit
ac_cv_prog_ac_ct_OTOOL=otool
ac_cv_prog_ac_ct_RANLIB=ranlib
ac_cv_prog_ac_ct_STRIP=strip
ac_cv_prog_cc_c89=
ac_cv_prog_cc_g=yes
ac_cv_prog_make_make_set=yes
ac_cv_type_size_t=yes
am_cv_CC_dependencies_compiler_type=gcc3
lt_cv_apple_cc_single_mod=yes
lt_cv_deplibs_check_method=pass_all
lt_cv_file_magic_cmd='$MAGIC_CMD'
lt_cv_file_magic_test_file=
lt_cv_ld_exported_symbols_list=yes
lt_cv_ld_reload_flag=-r
lt_cv_nm_interface='BSD nm'
lt_cv_objdir=.libs
lt_cv_path_LD=/usr/libexec/gcc/i686-apple-darwin10/4.2.1/ld
lt_cv_path_NM=/usr/bin/nm
lt_cv_prog_compiler_c_o=yes
lt_cv_prog_compiler_pic_works=yes
lt_cv_prog_compiler_rtti_exceptions=no
lt_cv_prog_compiler_static_works=no
lt_cv_prog_gnu_ld=no
lt_cv_sys_global_symbol_pipe='sed -n -e '\''s/^.*[	 ]\([BCDEGRST][BCDEGRST]*\)[	 ][	 ]*_\([_A-Za-z][_A-Za-z0-9]*\)$/\1 _\2 \2/p'\'''
lt_cv_sys_global_symbol_to_c_name_address='sed -n -e '\''s/^: \([^ ]*\) $/  {\"\1\", (void *) 0},/p'\'' -e '\''s/^[BCDEGRST]* \([^ ]*\) \([^ ]*\)$/  {"\2", (void *) \&\2},/p'\'''
lt_cv_sys_global_symbol_to_c_name_address_lib_prefix='sed -n -e '\''s/^: \([^ ]*\) $/  {\"\1\", (void *) 0},/p'\'' -e '\''s/^[BCDEGRST]* \([^ ]*\) \(lib[^ ]*\)$/  {"\2", (void *) \&\2},/p'\'' -e '\''s/^[BCDEGRST]* \([^ ]*\) \([^ ]*\)$/  {"lib\2", (void *) \&\2},/p'\'''
lt_cv_sys_global_symbol_to_cdecl='sed -n -e '\''s/^T .* \(.*\)$/extern int \1();/p'\'' -e '\''s/^[BCDEGRST]* .* \(.*\)$/extern char \1;/p'\'''
lt_cv_sys_max_cmd_len=196608

## ----------------- ##
## Output variables. ##
## ----------------- ##

ACLOCAL='${SHELL} /Users/alagala/Documents/MyProjects/IplLibrary/config/missing --run aclocal-1.10'
AMDEPBACKSLASH='\'
AMDEP_FALSE='#'
AMDEP_TRUE=''
AMTAR='${SHELL} /Users/alagala/Documents/MyProjects/IplLibrary/config/missing --run tar'
AR='ar'
AUTOCONF='${SHELL} /Users/alagala/Documents/MyProjects/IplLibrary/config/missing --run autoconf'
AUTOHEADER='${SHELL} /Users/alagala/Documents/MyProjects/IplLibrary/config/missing --run autoheader'
AUTOMAKE='${SHELL} /Users/alagala/Documents/MyProjects/IplLibrary/config/missing --run automake-1.10'
AWK='awk'
CC='gcc'
CCDEPMODE='depmode=gcc3'
CFLAGS='-g -O2'
CPP='gcc -E'
CPPFLAGS=''
CYGPATH_W='echo'
DEFS='-DHAVE_CONFIG_H'
DEPDIR='.deps'
DSYMUTIL='dsymutil'
DUMPBIN=''
ECHO_C='ECHO_N=''
ECHO_T=''
EGREP='/usr/bin/grep -E'
EXEEXT=''
FGREP='/usr/bin/grep -F'
GREP='/usr/bin/grep'
INSTALL_DATA='${INSTALL} -m 644'
INSTALL_PROGRAM='${INSTALL}'
INSTALL_SCRIPT='${INSTALL}'
INSTALL_STRIP_PROGRAM='$(install_sh) -c -s'
LD='/usr/libexec/gcc/i686-apple-darwin10/4.2.1/ld'
LDFLAGS=''
LIBFTTW3_LIBS='-lfftw3'
LIBFUZZYLITE_LIBS=''
LIBLEPT_LIBS='-llept'
LIBOBJS=''
LIBS=''
LIBTOOL='$(SHELL) $(top_builddir)/libtool'
LIPO='lipo'
LN_S='ln -s'
LTLIBOBJS=''
MAKEINFO='${SHELL} /Users/alagala/Documents/MyProjects/IplLibrary/config/missing --run makeinfo'
NM='/usr/bin/nm'
NMEDIT='nmedit'
OBJEXT='o'
OTOOL64=':'
OTOOL='otool'
PACKAGE='libipl'
PACKAGE_BUGREPORT='andrea.lagala@ameliemedia.com'
PACKAGE_NAME='libipl'
PACKAGE_STRING='libipl 1.01'
PACKAGE_TARNAME='libipl'
PACKAGE_VERSION='1.01'
PATH_SEPARATOR=':'
RANLIB='ranlib'
SED='/usr/bin/sed'
SET_MAKE=''
SHELL='/bin/sh'
STRIP='strip'
VERSION='1.01'
ac_ct_CC='gcc'
ac_ct_DUMPBIN=''
am__fastdepCC_FALSE='#'
am__fastdepCC_TRUE=''
am__include='include'
am__isrc=''
am__leading_dot='.'
am__quote=''
am__tar='${AMTAR} chof - "$$tardir"'
am__untar='${AMTAR} xf -'
bindir='${exec_prefix}/bin'
build='i386-apple-darwin10.7.0'
build_alias=''
build_cpu='i386'
build_os='darwin10.7.0'
build_vendor='apple'
datadir='${datarootdir}'
datarootdir='${prefix}/share'
docdir='${datarootdir}/doc/${PACKAGE_TARNAME}'
dvidir='${docdir}'
exec_prefix='${prefix}'
host='i386-apple-darwin10.7.0'
host_alias=''
host_cpu='i386'
host_os='darwin10.7.0'
host_vendor='apple'
htmldir='${docdir}'
includedir='${prefix}/include'
infodir='${datarootdir}/info'
install_sh='$(SHELL) /Users/alagala/Documents/MyProjects/IplLibrary/config/install-sh'
libdir='${exec_prefix}/lib'
libexecdir='${exec_prefix}/libexec'
localedir='${datarootdir}/locale'
localstatedir='${prefix}/var'
lt_ECHO='/bin/echo'
mandir='${datarootdir}/man'
mkdir_p='$(top_builddir)/config/install-sh -c -d'
oldincludedir='/usr/include'
pdfdir='${docdir}'
prefix='/Users/alagala/Documents/MyProjects/IplLibrary/lib'
program_transform_name='s,x,x,'
psdir='${docdir}'
sbindir='${exec_prefix}/sbin'
sharedstatedir='${prefix}/com'
sysconfdir='${prefix}/etc'
target_alias=''

## ----------- ##
## confdefs.h. ##
## ----------- ##

#define PACKAGE_NAME "libipl"
#define PACKAGE_TARNAME "libipl"
#define PACKAGE_VERSION "1.01"
#define PACKAGE_STRING "libipl 1.01"
#define PACKAGE_BUGREPORT "andrea.lagala@ameliemedia.com"
#define STDC_HEADERS 1
#define HAVE_SYS_TYPES_H 1
#define HAVE_SYS_STAT_H 1
#define HAVE_STDLIB_H 1
#define HAVE_STRING_H 1
#define HAVE_MEMORY_H 1
#define HAVE_STRINGS_H 1
#define HAVE_INTTYPES_H 1
#define HAVE_STDINT_H 1
#define HAVE_UNISTD_H 1
#define HAVE_DLFCN_H 1
#define LT_OBJDIR ".libs/"
#define PACKAGE "libipl"
#define VERSION "1.01"
#define HAVE_LIBFFTW3 1

configure: exit 0

## ---------------------- ##
## Running config.status. ##
## ---------------------- ##

This file was extended by libipl config.status 1.01, which was
generated by GNU Autoconf 2.61.  Invocation command line was

  CONFIG_FILES    = 
  CONFIG_HEADERS  = 
  CONFIG_LINKS    = 
  CONFIG_COMMANDS = 
  $ ./config.status 

on macbook.local

config.status:847: creating Makefile
config.status:847: creating src/Makefile
config.status:847: creating config_auto.h
config.status:1122: executing libtool commands
config.status:1122: executing depfiles commands

## ---------------------- ##
## Running config.status. ##
## ---------------------- ##

This file was extended by libipl config.status 1.01, which was
generated by GNU Autoconf 2.61.  Invocation command line was

  CONFIG_FILES    = 
  CONFIG_HEADERS  = 
  CONFIG_LINKS    = 
  CONFIG_COMMANDS = 
  $ ./config.status config_auto.h

on macbook.local

config.status:847: creating config_auto.h
config.status:1076: config_auto.h is unchanged

## ---------------------- ##
## Running config.status. ##
## ---------------------- ##

This file was extended by libipl config.status 1.01, which was
generated by GNU Autoconf 2.61.  Invocation command line was

  CONFIG_FILES    = 
  CONFIG_HEADERS  = 
  CONFIG_LINKS    = 
  CONFIG_COMMANDS = 
  $ ./config.status src/Makefile depfiles

on macbook.homenet.telecomitalia.it

config.status:847: creating src/Makefile
config.status:1122: executing depfiles commands

## ---------------------- ##
## Running config.status. ##
## ---------------------- ##

This file was extended by libipl config.status 1.01, which was
generated by GNU Autoconf 2.61.  Invocation command line was

  CONFIG_FILES    = 
  CONFIG_HEADERS  = 
  CONFIG_LINKS    = 
  CONFIG_COMMANDS = 
  $ ./config.status src/Makefile depfiles

on macbook.homenet.telecomitalia.it

config.status:847: creating src/Makefile
config.status:1122: executing depfiles commands
